<?xml version="1.0" encoding="UTF-8"?>
<testsuite name="io.confluent.developer.KafkaConsumerApplicationTest" tests="1" skipped="0" failures="0" errors="0" timestamp="2022-04-07T14:30:45" hostname="MACC02ZQ7ZZMD6R" time="1.029">
  <properties/>
  <testcase name="consumerTest" classname="io.confluent.developer.KafkaConsumerApplicationTest" time="1.029"/>
  <system-out><![CDATA[]]></system-out>
  <system-err><![CDATA[]]></system-err>
</testsuite>
