<?xml version="1.0" encoding="UTF-8"?>
<testsuite name="io.confluent.developer.MaxFailuresUncaughtExceptionHandlerTest" tests="1" skipped="0" failures="0" errors="0" timestamp="2022-04-07T16:40:47" hostname="MACC02ZQ7ZZMD6R" time="0.058">
  <properties/>
  <testcase name="shouldShutdownApplicationWhenErrorsOccurWithinMaxTime" classname="io.confluent.developer.MaxFailuresUncaughtExceptionHandlerTest" time="0.058"/>
  <system-out><![CDATA[]]></system-out>
  <system-err><![CDATA[]]></system-err>
</testsuite>
